{
  "stats": {
    "suites": 1,
    "tests": 1,
    "passes": 1,
    "pending": 0,
    "failures": 0,
    "start": "2023-01-25T14:20:04.644Z",
    "end": "2023-01-25T14:20:14.406Z",
    "duration": 9762,
    "testsRegistered": 1,
    "passPercent": 100,
    "pendingPercent": 0,
    "other": 0,
    "hasOther": false,
    "skipped": 0,
    "hasSkipped": false
  },
  "results": [
    {
      "uuid": "97f7ebff-5131-47d0-bea3-5373743c3a1b",
      "title": "",
      "fullFile": "cypress/e2e/Examples/BDD/eCommerce.feature",
      "file": "cypress/e2e/Examples/BDD/eCommerce.feature",
      "beforeHooks": [],
      "afterHooks": [],
      "tests": [],
      "suites": [
        {
          "uuid": "f53b7a1c-3cf9-4e50-ac32-fd8160dd7bbf",
          "title": "e2e Testing of ecommerce Product Page",
          "fullFile": "",
          "file": "",
          "beforeHooks": [],
          "afterHooks": [],
          "tests": [
            {
              "title": "Order Product from e-commerce application",
              "fullTitle": "e2e Testing of ecommerce Product Page Order Product from e-commerce application",
              "timedOut": null,
              "duration": 8149,
              "state": "passed",
              "speed": "medium",
              "pass": true,
              "fail": false,
              "pending": false,
              "context": null,
              "code": "var _a, _b, _c, _d, _e;\nconst { remainingSteps, testCaseStartedId } = retrieveInternalSpecProperties();\n(0, registry_1.assignRegistry)(registry);\nmessages.stack.push({\n    testCaseStarted: {\n        id: testCaseStartedId,\n        testCaseId,\n        attempt: attempt++,\n        timestamp: (0, messages_helpers_1.createTimestamp)(),\n    },\n});\nwindow.testState = {\n    gherkinDocument,\n    pickles,\n    pickle,\n};\nfor (const step of steps) {\n    if (step.hook) {\n        const hook = step.hook;\n        cy.then(() => {\n            delete window.testState.pickleStep;\n            const start = (0, messages_helpers_1.createTimestamp)();\n            messages.stack.push({\n                testStepStarted: {\n                    testStepId: hook.id,\n                    testCaseStartedId,\n                    timestamp: start,\n                },\n            });\n            if (messages.enabled) {\n                cy.task(constants_1.TASK_TEST_STEP_STARTED, hook.id, { log: false });\n            }\n            return cy.wrap(start, { log: false });\n        })\n            .then((start) => {\n            (0, cypress_1.runStepWithLogGroup)({\n                fn: () => registry.runHook(this, hook),\n                keyword: hook.keyword,\n            });\n            return cy.wrap(start, { log: false });\n        })\n            .then((start) => {\n            const end = (0, messages_helpers_1.createTimestamp)();\n            messages.stack.push({\n                testStepFinished: {\n                    testStepId: hook.id,\n                    testCaseStartedId,\n                    testStepResult: {\n                        status: Status.Passed,\n                        duration: (0, messages_helpers_1.duration)(start, end),\n                    },\n                    timestamp: end,\n                },\n            });\n            remainingSteps.shift();\n        });\n    }\n    else if (step.pickleStep) {\n        const pickleStep = step.pickleStep;\n        const text = (0, assertions_1.assertAndReturn)(pickleStep.text, \"Expected pickle step to have a text\");\n        const scenarioStep = (0, assertions_1.assertAndReturn)(astIdMap.get((0, assertions_1.assertAndReturn)((_a = pickleStep.astNodeIds) === null || _a === void 0 ? void 0 : _a[0], \"Expected to find at least one astNodeId\")), `Expected to find scenario step associated with id = ${(_b = pickleStep.astNodeIds) === null || _b === void 0 ? void 0 : _b[0]}`);\n        const argument = ((_c = pickleStep.argument) === null || _c === void 0 ? void 0 : _c.dataTable)\n            ? new data_table_1.default(pickleStep.argument.dataTable)\n            : ((_e = (_d = pickleStep.argument) === null || _d === void 0 ? void 0 : _d.docString) === null || _e === void 0 ? void 0 : _e.content)\n                ? pickleStep.argument.docString.content\n                : undefined;\n        cy.then(() => {\n            window.testState.pickleStep = step.pickleStep;\n            internalProperties.currentStep = { pickleStep };\n            const start = (0, messages_helpers_1.createTimestamp)();\n            messages.stack.push({\n                testStepStarted: {\n                    testStepId: pickleStep.id,\n                    testCaseStartedId,\n                    timestamp: start,\n                },\n            });\n            if (messages.enabled) {\n                cy.task(constants_1.TASK_TEST_STEP_STARTED, pickleStep.id, { log: false });\n            }\n            return cy.wrap(start, { log: false });\n        })\n            .then((start) => {\n            try {\n                return (0, cypress_1.runStepWithLogGroup)({\n                    keyword: (0, assertions_1.assertAndReturn)(\"keyword\" in scenarioStep && scenarioStep.keyword, \"Expected to find a keyword in the scenario step\"),\n                    text,\n                    fn: () => registry.runStepDefininition(this, text, argument),\n                }).then((result) => {\n                    return {\n                        start,\n                        result,\n                    };\n                });\n            }\n            catch (e) {\n                if (e instanceof registry_1.MissingDefinitionError) {\n                    throw new Error(createMissingStepDefinitionMessage(context, pickleStep, context.registry.parameterTypeRegistry));\n                }\n                else {\n                    throw e;\n                }\n            }\n        })\n            .then(({ start, result }) => {\n            var _a, _b, _c;\n            const end = (0, messages_helpers_1.createTimestamp)();\n            if (result === \"pending\") {\n                messages.stack.push({\n                    testStepFinished: {\n                        testStepId: pickleStep.id,\n                        testCaseStartedId,\n                        testStepResult: {\n                            status: Status.Pending,\n                            duration: (0, messages_helpers_1.duration)(start, end),\n                        },\n                        timestamp: end,\n                    },\n                });\n                remainingSteps.shift();\n                for (const skippedStep of remainingSteps) {\n                    const testStepId = (0, assertions_1.assertAndReturn)((_b = (_a = skippedStep.hook) === null || _a === void 0 ? void 0 : _a.id) !== null && _b !== void 0 ? _b : (_c = skippedStep.pickleStep) === null || _c === void 0 ? void 0 : _c.id, \"Expected a step to either be a hook or a pickleStep\");\n                    messages.stack.push({\n                        testStepStarted: {\n                            testStepId,\n                            testCaseStartedId,\n                            timestamp: (0, messages_helpers_1.createTimestamp)(),\n                        },\n                    });\n                    messages.stack.push({\n                        testStepFinished: {\n                            testStepId,\n                            testCaseStartedId,\n                            testStepResult: {\n                                status: Status.Skipped,\n                                duration: {\n                                    seconds: 0,\n                                    nanos: 0,\n                                },\n                            },\n                            timestamp: (0, messages_helpers_1.createTimestamp)(),\n                        },\n                    });\n                }\n                for (let i = 0, count = remainingSteps.length; i < count; i++) {\n                    remainingSteps.pop();\n                }\n                this.skip();\n            }\n            else {\n                messages.stack.push({\n                    testStepFinished: {\n                        testStepId: pickleStep.id,\n                        testCaseStartedId,\n                        testStepResult: {\n                            status: Status.Passed,\n                            duration: (0, messages_helpers_1.duration)(start, end),\n                        },\n                        timestamp: end,\n                    },\n                });\n                remainingSteps.shift();\n            }\n        });\n    }\n}",
              "err": {},
              "uuid": "f207b23c-1d65-4daf-89b4-5b70ad9a89a3",
              "parentUUID": "f53b7a1c-3cf9-4e50-ac32-fd8160dd7bbf",
              "isHook": false,
              "skipped": false
            }
          ],
          "suites": [],
          "passes": [
            "f207b23c-1d65-4daf-89b4-5b70ad9a89a3"
          ],
          "failures": [],
          "pending": [],
          "skipped": [],
          "duration": 8149,
          "root": false,
          "rootEmpty": false,
          "_timeout": 2000
        }
      ],
      "passes": [],
      "failures": [],
      "pending": [],
      "skipped": [],
      "duration": 0,
      "root": true,
      "rootEmpty": true,
      "_timeout": 2000
    }
  ],
  "meta": {
    "mocha": {
      "version": "7.0.1"
    },
    "mochawesome": {
      "options": {
        "quiet": false,
        "reportFilename": "mochawesome",
        "saveHtml": false,
        "saveJson": true,
        "consoleReporter": "spec",
        "useInlineDiffs": false,
        "code": true
      },
      "version": "7.1.3"
    },
    "marge": {
      "options": {
        "overwrite": false,
        "html": false,
        "json": true,
        "reportDir": "cypress/reports/html/.jsons"
      },
      "version": "6.2.0"
    }
  }
}